[2022-08-04T02:10:42.088] [INFO] info - Servidor en Puerto 8080 - PID WORKER: 11008
[2022-08-04T02:11:49.227] [INFO] info - Servidor en Puerto 8080 - PID WORKER: 2972
[2022-08-04T02:13:13.341] [INFO] info - Servidor en Puerto 8080 - PID WORKER: 2404
[2022-08-04T02:14:01.401] [INFO] info - Servidor en Puerto 8080 - PID WORKER: 10124
[2022-08-04T02:16:56.033] [INFO] info - Servidor en Puerto 8080 - PID WORKER: 4888
[2022-08-04T02:18:41.576] [INFO] info - Servidor en Puerto 8080 - PID WORKER: 1432
[2022-08-04T02:24:15.568] [INFO] info - Servidor en Puerto 8080 - PID WORKER: 11152
[2022-08-04T02:27:08.997] [INFO] info - Servidor en Puerto 8080 - PID WORKER: 8248
[2022-08-04T02:31:01.563] [INFO] info - Servidor en Puerto 8080 - PID WORKER: 8812
[2022-08-04T02:40:09.337] [INFO] info - Servidor en Puerto 8080 - PID WORKER: 10316
[2022-08-04T02:41:04.279] [INFO] info - [Object: null prototype] {
  email: 'daira0796@hotmail.com',
  username: 'dmazza',
  address: '1 de mayo 2835',
  age: '12',
  tel: '1122527377',
  password: 'dmazza'
}
[2022-08-04T02:41:04.573] [INFO] info - Registro de usuario satisfactoria:  {
  username: 'dmazza',
  email: 'daira0796@hotmail.com',
  address: '1 de mayo 2835',
  age: 12,
  phone: 1122527377,
  avatar: 'rhapsodyinbblue-20191114-0001.jpg',
  password: '$2b$10$YVhZfD2ocdtuj0U7.teK..ASnANt0VTDjMXiLTbfejvG9RnJyycZK',
  _id: new ObjectId("62eb5bf0886ba9bd1f17462c"),
  __v: 0
}
[2022-08-05T02:19:54.985] [INFO] info - Servidor en Puerto 8080 - PID WORKER: 8884
[2022-08-05T02:19:57.052] [INFO] info - Base de datos conectada
[2022-08-05T02:28:48.806] [INFO] info - Servidor en Puerto 8080 - PID WORKER: 2920
[2022-08-05T02:28:50.916] [INFO] info - Base de datos conectada
[2022-08-05T02:31:15.157] [INFO] info - Servidor en Puerto 8080 - PID WORKER: 5628
[2022-08-05T02:31:17.485] [INFO] info - Base de datos conectada
[2022-08-05T02:33:06.709] [INFO] info - Servidor en Puerto 8080 - PID WORKER: 3888
[2022-08-05T02:33:08.838] [INFO] info - Base de datos conectada
[2022-08-05T02:34:07.496] [INFO] info - Servidor en Puerto 8080 - PID WORKER: 8448
[2022-08-05T02:34:09.810] [INFO] info - Base de datos conectada
[2022-08-05T02:34:57.656] [INFO] info - Servidor en Puerto 8080 - PID WORKER: 11684
[2022-08-05T02:34:59.293] [INFO] info - Base de datos conectada
[2022-08-05T02:38:16.803] [INFO] info - Servidor en Puerto 8080 - PID WORKER: 4004
[2022-08-05T02:38:18.959] [INFO] info - Base de datos conectada
[2022-08-05T02:42:47.784] [INFO] info - Servidor en Puerto 8080 - PID WORKER: 6072
[2022-08-05T02:42:49.830] [INFO] info - Base de datos conectada
[2022-08-05T02:45:36.016] [INFO] info - Servidor en Puerto 8080 - PID WORKER: 7156
[2022-08-05T02:45:38.090] [INFO] info - Base de datos conectada
[2022-08-05T02:49:25.712] [INFO] info - Servidor en Puerto 8080 - PID WORKER: 11080
[2022-08-05T02:49:27.762] [INFO] info - Base de datos conectada
[2022-08-05T02:51:00.777] [INFO] info - Servidor en Puerto 8080 - PID WORKER: 6772
[2022-08-05T02:51:11.894] [INFO] info - Base de datos conectada
[2022-08-05T02:52:51.634] [INFO] info - Servidor en Puerto 8080 - PID WORKER: 11868
[2022-08-05T02:52:53.659] [INFO] info - Base de datos conectada
[2022-08-05T02:54:35.084] [INFO] info - Servidor en Puerto 8080 - PID WORKER: 5252
[2022-08-05T02:54:37.116] [INFO] info - Base de datos conectada
[2022-08-05T03:07:57.732] [INFO] info - Servidor en Puerto 8080 - PID WORKER: 3628
[2022-08-05T03:07:59.853] [INFO] info - Base de datos conectada
[2022-08-05T03:10:23.466] [INFO] info - Servidor en Puerto 8080 - PID WORKER: 11632
[2022-08-05T03:10:25.620] [INFO] info - Base de datos conectada
[2022-08-05T03:16:27.601] [INFO] info - Servidor en Puerto 8080 - PID WORKER: 3024
[2022-08-05T03:16:29.725] [INFO] info - Base de datos conectada
[2022-08-05T03:20:59.396] [INFO] info - Servidor en Puerto 8080 - PID WORKER: 8688
[2022-08-05T03:21:01.516] [INFO] info - Base de datos conectada
[2022-08-05T03:22:49.280] [INFO] info - Servidor en Puerto 8080 - PID WORKER: 5008
[2022-08-05T03:22:51.546] [INFO] info - Base de datos conectada
[2022-08-05T03:26:37.272] [INFO] info - Servidor en Puerto 8080 - PID WORKER: 12216
[2022-08-05T03:26:39.480] [INFO] info - Base de datos conectada
[2022-08-05T03:29:42.165] [INFO] info - Servidor en Puerto 8080 - PID WORKER: 4252
[2022-08-05T03:29:44.298] [INFO] info - Base de datos conectada
[2022-08-05T03:31:48.385] [INFO] info - Servidor en Puerto 8080 - PID WORKER: 4852
[2022-08-05T03:31:50.463] [INFO] info - Base de datos conectada
[2022-08-05T03:41:24.657] [INFO] info - Servidor en Puerto 8080 - PID WORKER: 8020
[2022-08-05T03:41:26.775] [INFO] info - Base de datos conectada
[2022-08-05T03:43:58.974] [INFO] info - Servidor en Puerto 8080 - PID WORKER: 9484
[2022-08-05T03:44:01.131] [INFO] info - Base de datos conectada
[2022-08-05T03:46:56.844] [INFO] info - Servidor en Puerto 8080 - PID WORKER: 12156
[2022-08-05T03:46:59.178] [INFO] info - Base de datos conectada
[2022-08-05T03:48:33.963] [INFO] info - Servidor en Puerto 8080 - PID WORKER: 11428
[2022-08-05T03:48:36.138] [INFO] info - Base de datos conectada
[2022-08-05T03:51:38.319] [INFO] info - Servidor en Puerto 8080 - PID WORKER: 7868
[2022-08-05T03:51:40.478] [INFO] info - Base de datos conectada
[2022-08-05T03:53:30.117] [INFO] info - Servidor en Puerto 8080 - PID WORKER: 7948
[2022-08-05T03:53:32.352] [INFO] info - Base de datos conectada
[2022-08-05T03:54:20.249] [INFO] info - Servidor en Puerto 8080 - PID WORKER: 3484
[2022-08-05T03:54:21.929] [INFO] info - Base de datos conectada
[2022-08-05T04:00:30.081] [INFO] info - Servidor en Puerto 8080 - PID WORKER: 10752
[2022-08-05T04:00:32.186] [INFO] info - Base de datos conectada
[2022-08-05T04:03:18.628] [INFO] info - Servidor en Puerto 8080 - PID WORKER: 5300
[2022-08-05T04:03:20.678] [INFO] info - Base de datos conectada
[2022-08-05T04:06:28.674] [INFO] info - Servidor en Puerto 8080 - PID WORKER: 5168
[2022-08-05T04:06:30.803] [INFO] info - Base de datos conectada
[2022-08-05T04:12:16.775] [INFO] info - Servidor en Puerto 8080 - PID WORKER: 5436
[2022-08-05T04:12:18.911] [INFO] info - Base de datos conectada
[2022-08-05T04:15:57.918] [INFO] info - Servidor en Puerto 8080 - PID WORKER: 7900
[2022-08-05T04:16:00.153] [INFO] info - Base de datos conectada
