[2022-07-20T02:55:56.353] [WARN] warn - Log Warn:  /infobgb
[2022-07-20T02:55:56.773] [WARN] warn - Log Warn:  /socket.io/socket.io.js
[2022-07-20T03:01:45.079] [WARN] warn - Log Warn:  /infobgb
[2022-07-20T03:01:45.288] [WARN] warn - Log Warn:  /socket.io/socket.io.js
[2022-07-20T03:01:54.924] [WARN] warn - Log Warn:  /socket.io/socket.io.js
[2022-07-27T16:16:30.584] [WARN] warn - Log Warn:  /favicon.ico
[2022-08-03T23:20:46.862] [WARN] warn - Log Warn:  /favicon.ico
[2022-08-07T12:03:03.876] [WARN] warn - Log Warn:  /alt=%22...%22
[2022-08-07T12:06:30.196] [WARN] warn - Log Warn:  /alt=%22...%22
[2022-08-07T12:08:18.053] [WARN] warn - Log Warn:  /rhapsodyinbblue-20191114-0001.jpg
[2022-08-07T12:09:54.265] [WARN] warn - Log Warn:  /rhapsodyinbblue-20191114-0001.jpg
[2022-08-07T12:13:37.889] [WARN] warn - Log Warn:  /rhapsodyinbblue-20191114-0001.jpg
[2022-08-07T12:13:58.688] [WARN] warn - Log Warn:  /rhapsodyinbblue-20191114-0001.jpg
[2022-08-07T12:15:33.984] [WARN] warn - Log Warn:  /file-1659885332398
[2022-08-07T12:18:58.786] [WARN] warn - Log Warn:  /uploads/file-1659885332398
[2022-08-07T12:21:00.994] [WARN] warn - Log Warn:  /uploads/file-1659885332398
[2022-08-07T12:23:02.207] [WARN] warn - Log Warn:  /uploads/file-1659885332398.jpg
[2022-08-07T12:26:20.159] [WARN] warn - Log Warn:  /uploads/file-1659885332398.jpg
[2022-08-07T12:28:04.935] [WARN] warn - Log Warn:  /uploads/file-1659885332398.jpg
[2022-08-07T12:30:41.235] [WARN] warn - Log Warn:  /uploads/file-1659885332398.jpg
[2022-08-07T12:31:02.558] [WARN] warn - Log Warn:  /file-1659885332398.jpg
[2022-08-07T12:31:02.573] [WARN] warn - Log Warn:  /uploads/file-1659885332398.jpg
